<?xml version="1.0" encoding="UTF-8"?>
<!-- Generated by org.testng.reporters.JUnitReportReporter -->
<testsuite skipped="0" hostname="RAVI-PC" name="com.qa.hubspot.tests.ContactsPageTest" tests="3" failures="0" timestamp="14 Sep 2020 14:23:55 GMT" time="55.674" errors="0">
  <testcase name="createContactTest" time="19.491" classname="com.qa.hubspot.tests.ContactsPageTest"/>
  <testcase name="createContactTest" time="20.261" classname="com.qa.hubspot.tests.ContactsPageTest"/>
  <testcase name="createContactTest" time="15.922" classname="com.qa.hubspot.tests.ContactsPageTest"/>
</testsuite> <!-- com.qa.hubspot.tests.ContactsPageTest -->
