<?xml version="1.0" encoding="UTF-8"?>
<!-- Generated by org.testng.reporters.JUnitReportReporter -->
<testsuite skipped="0" hostname="RAVI-PC" name="com.qa.hubspot.tests.LoginPageTest" tests="3" failures="0" timestamp="11 Sep 2020 11:05:06 GMT" time="6.958" errors="0">
  <testcase name="signuplinkTest" time="5.700" classname="com.qa.hubspot.tests.LoginPageTest"/>
  <testcase name="loginPageTitleTest" time="0.049" classname="com.qa.hubspot.tests.LoginPageTest"/>
  <testcase name="loginpageTest" time="1.209" classname="com.qa.hubspot.tests.LoginPageTest"/>
</testsuite> <!-- com.qa.hubspot.tests.LoginPageTest -->
